<?xml version="1.0" encoding="UTF-8"?>
<testsuite xmlns:xsi="http://www.w3.org/2001/XMLSchema-instance" xsi:noNamespaceSchemaLocation="https://maven.apache.org/surefire/maven-surefire-plugin/xsd/surefire-test-report-3.0.xsd" version="3.0" name="edu.brown.cs.testing.TestingServer" time="5.191" tests="23" errors="0" skipped="0" failures="0">
  <properties>
[...]
</properties>
  <testcase name="broadbandNoCountyFound" classname="edu.brown.cs.testing.TestingServer" time="2.157">
    <system-err><![CDATA[SLF4J: Failed to load class "org.slf4j.impl.StaticLoggerBinder".
SLF4J: Defaulting to no-operation (NOP) logger implementation
SLF4J: See http://www.slf4j.org/codes.html#StaticLoggerBinder for further details.
]]></system-err>
  </testcase>
  <testcase name="searchCSVNotFound" classname="edu.brown.cs.testing.TestingServer" time="0.008"/>
  <testcase name="testViewNoFileLoadedMock" classname="edu.brown.cs.testing.TestingServer" time="0.002"/>
  <testcase name="testSearchCSVMissingArgHeader" classname="edu.brown.cs.testing.TestingServer" time="0.006"/>
  <testcase name="searchCSVNotFoundAllArgs" classname="edu.brown.cs.testing.TestingServer" time="0.006"/>
  <testcase name="testSearchCSVMissingArgSearch" classname="edu.brown.cs.testing.TestingServer" time="0.006"/>
  <testcase name="testViewCSVSuccess" classname="edu.brown.cs.testing.TestingServer" time="0.007"/>
  <testcase name="testSearchMockedDatasourceFoundAllArgs" classname="edu.brown.cs.testing.TestingServer" time="0.004"/>
  <testcase name="testSearchMockedDatasourceNotFound" classname="edu.brown.cs.testing.TestingServer" time="0.003"/>
  <testcase name="broadbandNoArgsFound" classname="edu.brown.cs.testing.TestingServer" time="0.003"/>
  <testcase name="searchCSVFoundAllArgs" classname="edu.brown.cs.testing.TestingServer" time="0.006"/>
  <testcase name="testSearchMockedDatasourceFound2Args" classname="edu.brown.cs.testing.TestingServer" time="0.004"/>
  <testcase name="broadbandNoStateFound" classname="edu.brown.cs.testing.TestingServer" time="1.079"/>
  <testcase name="testAPILoadCSVFileError" classname="edu.brown.cs.testing.TestingServer" time="0.007"/>
  <testcase name="searchCSVFoundNoHeader" classname="edu.brown.cs.testing.TestingServer" time="0.005"/>
  <testcase name="testSearchNoFileLoaded" classname="edu.brown.cs.testing.TestingServer" time="0.003"/>
  <testcase name="searchCSVFoundNoNarrow" classname="edu.brown.cs.testing.TestingServer" time="0.004"/>
  <testcase name="testViewFileLoadedMocked" classname="edu.brown.cs.testing.TestingServer" time="0.002"/>
  <testcase name="testViewNoFileLoaded" classname="edu.brown.cs.testing.TestingServer" time="0.002"/>
  <testcase name="testLoadCSVSuccessWithHeader" classname="edu.brown.cs.testing.TestingServer" time="0.289"/>
  <testcase name="broadbandFound" classname="edu.brown.cs.testing.TestingServer" time="1.539"/>
  <testcase name="testLoadCSVSuccessNoHeader" classname="edu.brown.cs.testing.TestingServer" time="0.003"/>
  <testcase name="testLoadCSVMissingFilepath" classname="edu.brown.cs.testing.TestingServer" time="0.002"/>
</testsuite>