<?xml version="1.0" encoding="UTF-8"?>
<testsuite xmlns:xsi="http://www.w3.org/2001/XMLSchema-instance" xsi:noNamespaceSchemaLocation="https://maven.apache.org/surefire/maven-surefire-plugin/xsd/surefire-test-report-3.0.xsd" version="3.0" name="edu.brown.cs.testing.TestingRegEx" time="0.009" tests="6" errors="0" skipped="0" failures="0">
  <properties>
[...]
</properties>
  <testcase name="testBasic" classname="edu.brown.cs.testing.TestingRegEx" time="0.001"/>
  <testcase name="testDoubleQuotesCommas" classname="edu.brown.cs.testing.TestingRegEx" time="0.001">
    <system-out><![CDATA[["I, hope, you, will, have, a, "great,  CS32", experience"]
I, hope, you, will, have, a, "great
CS32", experience
]]></system-out>
  </testcase>
  <testcase name="testQuotesWithEscaping" classname="edu.brown.cs.testing.TestingRegEx" time="0.001">
    <system-out><![CDATA[Regular expressions are "fun"
]]></system-out>
  </testcase>
  <testcase name="testQuotesWithCommasFullLine" classname="edu.brown.cs.testing.TestingRegEx" time="0">
    <system-out><![CDATA[["Hello, traveller, how, is, life"]
Hello, traveller, how, is, life
]]></system-out>
  </testcase>
  <testcase name="testQuotesWithCommasSingleInstance" classname="edu.brown.cs.testing.TestingRegEx" time="0.001">
    <system-out><![CDATA[[Hello,  "traveller",  how,  is,  life]
Hello
]]></system-out>
  </testcase>
  <testcase name="testQuotes" classname="edu.brown.cs.testing.TestingRegEx" time="0.001"/>
</testsuite>